[2016-11-11 22:47:26] START
[2016-11-11 22:49:52] EDIT urban_traffic/controllers/default.py: 0
[2016-11-11 22:50:39] EDIT urban_traffic/controllers/default.py: 0
[2016-11-11 22:50:58] EDIT urban_traffic/controllers/default.py: 1
[2016-11-11 22:51:05] EDIT urban_traffic/controllers/default.py: 0
[2016-11-11 22:51:09] EDIT urban_traffic/controllers/default.py: -1
[2016-11-11 22:51:48] EDIT urban_traffic/controllers/default.py: 0
[2016-11-11 22:51:49] EDIT urban_traffic/controllers/default.py: 0
[2016-11-11 22:51:50] EDIT urban_traffic/controllers/default.py: 0
[2016-11-11 22:51:50] EDIT urban_traffic/controllers/default.py: 0
[2016-11-11 22:51:50] EDIT urban_traffic/controllers/default.py: 0
[2016-11-11 22:55:00] CREATE db1.py: 0
[2016-11-11 22:56:53] EDIT urban_traffic/controllers/default.py: -22
[2016-11-11 22:56:53] EDIT urban_traffic/controllers/default.py: 0
[2016-11-11 22:56:53] EDIT urban_traffic/controllers/default.py: 0
[2016-11-11 22:56:54] EDIT urban_traffic/controllers/default.py: 0
[2016-11-11 22:56:54] EDIT urban_traffic/controllers/default.py: 0
[2016-11-11 22:56:54] EDIT urban_traffic/controllers/default.py: 0
[2016-11-11 22:56:55] EDIT urban_traffic/controllers/default.py: 0
[2016-11-11 22:56:55] EDIT urban_traffic/controllers/default.py: 0
[2016-11-11 22:56:55] EDIT urban_traffic/controllers/default.py: 0
[2016-11-11 22:56:55] EDIT urban_traffic/controllers/default.py: 0
[2016-11-11 22:56:55] EDIT urban_traffic/controllers/default.py: 0
[2016-11-11 22:56:55] EDIT urban_traffic/controllers/default.py: 0
[2016-11-11 22:56:55] EDIT urban_traffic/controllers/default.py: 0
[2016-11-11 22:56:56] EDIT urban_traffic/controllers/default.py: 0
[2016-11-11 22:56:56] EDIT urban_traffic/controllers/default.py: 0
[2016-11-11 22:56:56] EDIT urban_traffic/controllers/default.py: 0
[2016-11-11 22:56:56] EDIT urban_traffic/controllers/default.py: 0
[2016-11-11 22:56:56] EDIT urban_traffic/controllers/default.py: 0
[2016-11-11 22:56:56] EDIT urban_traffic/controllers/default.py: 0
[2016-11-11 22:56:56] EDIT urban_traffic/controllers/default.py: 0
[2016-11-11 22:56:56] EDIT urban_traffic/controllers/default.py: 0
[2016-11-11 22:56:56] EDIT urban_traffic/controllers/default.py: 0
[2016-11-11 22:56:56] EDIT urban_traffic/controllers/default.py: 0
[2016-11-11 22:56:56] EDIT urban_traffic/controllers/default.py: 0
[2016-11-11 22:56:56] EDIT urban_traffic/controllers/default.py: 0
[2016-11-11 22:56:56] EDIT urban_traffic/controllers/default.py: 0
[2016-11-11 22:56:56] EDIT urban_traffic/controllers/default.py: 0
[2016-11-11 22:56:56] EDIT urban_traffic/controllers/default.py: 0
[2016-11-11 22:56:57] EDIT urban_traffic/controllers/default.py: 0
[2016-11-11 22:56:58] EDIT urban_traffic/controllers/default.py: 0
[2016-11-11 22:56:58] EDIT urban_traffic/controllers/default.py: 0
[2016-11-11 22:56:58] EDIT urban_traffic/controllers/default.py: 0
[2016-11-11 22:56:58] EDIT urban_traffic/controllers/default.py: 0
[2016-11-11 22:56:58] EDIT urban_traffic/controllers/default.py: 0
[2016-11-11 22:56:58] EDIT urban_traffic/controllers/default.py: 0
[2016-11-11 22:56:58] EDIT urban_traffic/controllers/default.py: 0
[2016-11-11 22:57:21] EDIT urban_traffic/controllers/default.py: 1
[2016-11-11 22:57:38] EDIT urban_traffic/controllers/default.py: -1
[2016-11-11 22:58:00] EDIT urban_traffic/views/default/index.html: -48
[2016-11-11 22:58:31] EDIT urban_traffic/models/menu.py: -108
[2016-11-11 22:58:57] EDIT urban_traffic/models/menu.py: 0
[2016-11-11 22:59:18] EDIT urban_traffic/models/menu.py: 0
[2016-11-11 22:59:21] EDIT urban_traffic/models/menu.py: 0
[2016-11-11 22:59:23] EDIT urban_traffic/models/menu.py: 0
[2016-11-11 22:59:41] EDIT urban_traffic/models/menu.py: 0
[2016-11-11 22:59:55] EDIT urban_traffic/models/menu.py: 0
[2016-11-11 23:00:01] EDIT urban_traffic/models/menu.py: 0
[2016-11-11 23:01:03] EDIT urban_traffic/views/default/index.html: 1
[2016-11-11 23:01:11] EDIT urban_traffic/views/default/index.html: -1
[2016-11-11 23:03:03] EDIT urban_traffic/controllers/default.py: 0
[2016-11-11 23:03:12] EDIT urban_traffic/controllers/default.py: 0
[2016-11-11 23:03:14] EDIT urban_traffic/controllers/default.py: 0
[2016-11-11 23:03:16] EDIT urban_traffic/controllers/default.py: 0
[2016-11-11 23:03:18] EDIT urban_traffic/controllers/default.py: 0
[2016-11-11 23:03:30] EDIT urban_traffic/controllers/default.py: 0
[2016-11-11 23:03:35] EDIT urban_traffic/controllers/default.py: 0
[2016-11-11 23:03:46] EDIT urban_traffic/controllers/default.py: 0
[2016-11-11 23:03:50] EDIT urban_traffic/controllers/default.py: 0
[2016-11-11 23:04:07] EDIT urban_traffic/controllers/default.py: 0
[2016-11-11 23:04:16] EDIT urban_traffic/controllers/default.py: -15
[2016-11-11 23:04:20] EDIT urban_traffic/controllers/default.py: 15
[2016-11-11 23:04:22] EDIT urban_traffic/controllers/default.py: 0
[2016-11-11 23:04:51] EDIT urban_traffic/views/default/index.html: 1
[2016-11-11 23:05:00] EDIT urban_traffic/views/default/index.html: 0
[2016-11-11 23:05:11] EDIT urban_traffic/controllers/default.py: 1
[2016-11-11 23:05:35] EDIT urban_traffic/views/default/index.html: -1
[2016-11-11 23:05:37] EDIT urban_traffic/views/default/index.html: 0
[2016-11-11 23:05:52] EDIT urban_traffic/controllers/default.py: -1
[2016-11-11 23:40:30] EDIT urban_traffic/views/layout.html: -5
[2016-11-11 23:41:23] EDIT urban_traffic/views/layout.html: -15
[2016-11-11 23:41:33] EDIT urban_traffic/views/default/index.html: 0
[2016-11-11 23:41:37] EDIT urban_traffic/controllers/default.py: 0
[2016-11-11 23:56:28] EDIT urban_traffic/controllers/default.py: 0
[2016-11-12 10:10:50] EDIT urban_traffic/models/db1.py: 4
[2016-11-12 10:13:10] EDIT urban_traffic/models/db1.py: 0
[2016-11-12 10:13:52] EDIT urban_traffic/models/db1.py: 0
[2016-11-12 10:21:52] EDIT urban_traffic/models/db1.py: 0
[2016-11-12 10:24:29] EDIT urban_traffic/models/db1.py: -1
[2016-11-12 10:44:23] EDIT urban_traffic/models/db1.py: 0
[2016-11-12 10:46:14] EDIT urban_traffic/controllers/default.py: 2
[2016-11-12 10:46:47] EDIT urban_traffic/controllers/default.py: 0
[2016-11-12 10:46:50] EDIT urban_traffic/views/default/index.html: 1
[2016-11-12 10:50:53] EDIT urban_traffic/views/default/index.html: 0
[2016-11-12 10:54:52] EDIT urban_traffic/models/db1.py: 1
[2016-11-12 10:56:00] EDIT urban_traffic/views/default/index.html: 0
[2016-11-12 10:56:31] EDIT urban_traffic/controllers/default.py: 1
[2016-11-12 10:56:42] EDIT urban_traffic/controllers/default.py: 1
[2016-11-12 10:57:19] EDIT urban_traffic/controllers/default.py: -2
[2016-11-12 10:57:37] EDIT urban_traffic/views/default/index.html: -1
[2016-11-12 11:06:03] EDIT urban_traffic/controllers/default.py: 2
[2016-11-12 11:06:13] EDIT urban_traffic/models/db1.py: 1
[2016-11-12 11:11:41] EDIT urban_traffic/controllers/default.py: 3
[2016-11-12 11:12:16] CREATE default/recieve.html: 0
[2016-11-12 11:12:35] EDIT urban_traffic/views/default/recieve.html: 0
[2016-11-12 11:13:03] EDIT urban_traffic/models/db1.py: 0
[2016-11-12 11:13:06] EDIT urban_traffic/models/db1.py: 0
[2016-11-12 11:13:19] EDIT urban_traffic/models/db1.py: 0
[2016-11-12 11:13:21] EDIT urban_traffic/models/db1.py: 0
[2016-11-12 11:13:55] EDIT urban_traffic/models/db1.py: -2
[2016-11-12 11:14:12] EDIT urban_traffic/models/db1.py: 0
[2016-11-12 11:14:17] EDIT urban_traffic/models/db1.py: 0
[2016-11-12 11:14:45] EDIT urban_traffic/views/default/recieve.html: 0
[2016-11-12 11:15:28] EDIT urban_traffic/controllers/default.py: 0
[2016-11-12 11:15:53] EDIT urban_traffic/controllers/default.py: 0
[2016-11-12 11:35:19] EDIT urban_traffic/controllers/default.py: 1
[2016-11-12 11:35:40] EDIT urban_traffic/controllers/default.py: 0
[2016-11-12 13:11:52] EDIT urban_traffic/views/default/recieve.html: 20
[2016-11-12 13:46:48] EDIT urban_traffic/controllers/default.py: 11
[2016-11-12 13:47:03] CREATE graph.html: 0
[2016-11-12 13:47:21] EDIT urban_traffic/views/graph.html: 0
[2016-11-12 13:47:32] EDIT urban_traffic/controllers/default.py: 0
[2016-11-12 13:53:41] EDIT urban_traffic/views/graph.html: 24
[2016-11-12 13:54:19] EDIT urban_traffic/views/graph.html: 0
[2016-11-12 13:56:43] EDIT urban_traffic/models/db1.py: 1
[2016-11-12 13:56:48] EDIT urban_traffic/models/db1.py: 0
[2016-11-12 14:01:29] EDIT urban_traffic/views/default/recieve.html: 0
[2016-11-12 14:01:37] EDIT urban_traffic/views/graph.html: 1
[2016-11-12 14:01:56] EDIT urban_traffic/views/graph.html: -1
[2016-11-12 14:02:36] CREATE default/graph.html: 0
[2016-11-12 14:02:47] EDIT urban_traffic/views/default/graph.html: 24
[2016-11-12 14:02:55] EDIT urban_traffic/views/default/graph.html: 0
[2016-11-12 14:03:29] EDIT urban_traffic/views/default/graph.html: 1
[2016-11-12 14:03:41] EDIT urban_traffic/views/default/graph.html: 0
[2016-11-12 14:03:57] EDIT urban_traffic/views/default/graph.html: -1
[2016-11-12 14:04:31] EDIT urban_traffic/models/db1.py: 0
[2016-11-12 14:05:09] EDIT urban_traffic/views/default/graph.html: 1
[2016-11-12 14:05:29] EDIT urban_traffic/views/default/graph.html: 1
[2016-11-12 14:05:41] EDIT urban_traffic/views/default/graph.html: -1
[2016-11-12 14:06:07] EDIT urban_traffic/views/default/graph.html: 0
[2016-11-12 14:06:21] EDIT urban_traffic/views/default/graph.html: -1
[2016-11-12 14:06:34] EDIT urban_traffic/views/default/graph.html: 1
[2016-11-12 14:07:30] EDIT urban_traffic/controllers/default.py: 0
[2016-11-12 14:09:02] EDIT urban_traffic/views/default/graph.html: 0
[2016-11-12 14:09:09] EDIT urban_traffic/views/default/graph.html: 0
[2016-11-12 14:09:42] EDIT urban_traffic/controllers/default.py: 0
[2016-11-12 14:10:15] EDIT urban_traffic/controllers/default.py: 1
[2016-11-12 14:10:42] EDIT urban_traffic/controllers/default.py: 1
[2016-11-12 14:10:48] EDIT urban_traffic/controllers/default.py: 0
[2016-11-12 14:12:30] EDIT urban_traffic/controllers/default.py: 0
[2016-11-12 14:14:11] EDIT urban_traffic/views/default/graph.html: 0
[2016-11-12 14:14:41] EDIT urban_traffic/views/default/graph.html: 0
[2016-11-12 14:16:40] EDIT urban_traffic/controllers/default.py: 0
[2016-11-12 14:18:14] EDIT urban_traffic/views/default/graph.html: -6
[2016-11-12 14:20:50] EDIT urban_traffic/views/default/graph.html: 8
[2016-11-12 14:21:13] EDIT urban_traffic/views/default/graph.html: 0
[2016-11-12 14:24:12] EDIT urban_traffic/views/default/graph.html: -1
[2016-11-12 14:24:56] EDIT urban_traffic/views/default/graph.html: 0
[2016-11-12 14:24:56] EDIT urban_traffic/views/default/graph.html: 0
[2016-11-12 14:24:56] EDIT urban_traffic/views/default/graph.html: 0
[2016-11-12 14:26:23] EDIT urban_traffic/views/default/graph.html: -2
[2016-11-12 14:28:37] EDIT urban_traffic/views/default/graph.html: -3
[2016-11-12 14:28:46] EDIT urban_traffic/views/default/graph.html: 3
[2016-11-12 14:29:06] EDIT urban_traffic/views/default/graph.html: 0
[2016-11-12 14:29:20] EDIT urban_traffic/views/default/graph.html: 0
[2016-11-12 14:29:48] EDIT urban_traffic/views/default/graph.html: 0
[2016-11-12 14:36:47] EDIT urban_traffic/views/default/graph.html: -1
[2016-11-12 14:37:25] EDIT urban_traffic/views/default/graph.html: 0
[2016-11-12 14:38:00] EDIT urban_traffic/controllers/default.py: 0
[2016-11-12 14:38:49] EDIT urban_traffic/views/default/graph.html: 0
[2016-11-12 14:39:11] EDIT urban_traffic/views/default/graph.html: 0
[2016-11-12 14:40:23] EDIT urban_traffic/views/default/graph.html: 1
[2016-11-12 14:40:34] EDIT urban_traffic/views/default/graph.html: 0
[2016-11-12 14:41:23] EDIT urban_traffic/views/default/graph.html: -1
[2016-11-12 14:41:26] EDIT urban_traffic/views/default/graph.html: 0
[2016-11-12 14:46:12] EDIT urban_traffic/controllers/default.py: 0
[2016-11-12 14:47:10] EDIT urban_traffic/views/default/graph.html: 2
[2016-11-12 14:47:59] EDIT urban_traffic/views/default/graph.html: 0
[2016-11-12 14:51:27] EDIT urban_traffic/views/default/graph.html: 30
[2016-11-12 14:52:35] EDIT urban_traffic/views/default/graph.html: -3
[2016-11-12 14:52:55] EDIT urban_traffic/views/default/graph.html: -28
[2016-11-12 14:53:52] EDIT urban_traffic/views/default/graph.html: 1
[2016-11-12 14:54:01] EDIT urban_traffic/views/default/graph.html: 0
[2016-11-12 14:54:23] EDIT urban_traffic/views/default/graph.html: 0
[2016-11-12 14:54:32] EDIT urban_traffic/views/default/graph.html: 0
[2016-11-12 14:55:05] EDIT urban_traffic/views/default/graph.html: 0
[2016-11-12 14:55:07] EDIT urban_traffic/views/default/graph.html: 0
[2016-11-12 14:55:42] EDIT urban_traffic/views/default/graph.html: 0
[2016-11-12 14:55:50] EDIT urban_traffic/views/default/graph.html: 0
[2016-11-12 14:56:00] EDIT urban_traffic/views/default/graph.html: 0
[2016-11-12 14:56:09] EDIT urban_traffic/views/default/graph.html: 0
[2016-11-12 14:56:24] EDIT urban_traffic/views/default/graph.html: 0
[2016-11-12 14:56:40] EDIT urban_traffic/views/default/graph.html: 0
[2016-11-12 14:56:51] EDIT urban_traffic/views/default/graph.html: 0
[2016-11-12 14:58:24] EDIT urban_traffic/views/default/graph.html: 0
[2016-11-12 14:58:37] EDIT urban_traffic/views/default/graph.html: 0
[2016-11-12 14:58:42] EDIT urban_traffic/views/default/graph.html: 0
[2016-11-12 14:59:50] EDIT urban_traffic/views/default/graph.html: 0
[2016-11-12 14:59:57] EDIT urban_traffic/views/default/graph.html: 0
[2016-11-12 15:00:10] EDIT urban_traffic/views/default/graph.html: 0
[2016-11-12 15:00:12] EDIT urban_traffic/views/default/graph.html: 0
[2016-11-12 15:02:08] EDIT urban_traffic/views/default/graph.html: 1
[2016-11-12 15:03:54] EDIT urban_traffic/controllers/default.py: 0
[2016-11-12 15:05:25] EDIT urban_traffic/views/default/graph.html: 0
[2016-11-12 15:05:42] EDIT urban_traffic/views/default/graph.html: 0
[2016-11-12 15:05:56] EDIT urban_traffic/views/default/graph.html: 0
[2016-11-12 15:05:59] EDIT urban_traffic/views/default/graph.html: 0
[2016-11-12 15:06:30] EDIT urban_traffic/views/default/graph.html: -1
[2016-11-12 15:06:54] EDIT urban_traffic/views/default/graph.html: 1
[2016-11-12 15:07:49] EDIT urban_traffic/views/default/graph.html: 0
[2016-11-12 15:08:08] EDIT urban_traffic/views/default/graph.html: 0
[2016-11-12 15:13:15] EDIT urban_traffic/views/default/graph.html: 0
[2016-11-12 15:15:21] EDIT urban_traffic/views/default/graph.html: 0
[2016-11-25 21:42:26] EDIT urban_traffic/views/default/graph.html: -7
[2016-11-25 21:56:28] EDIT urban_traffic/views/default/graph.html: 8
[2016-11-28 18:59:48] EDIT urban_traffic/models/db1.py: 5
[2016-11-28 19:01:30] EDIT urban_traffic/controllers/default.py: 2
[2016-11-28 19:01:51] EDIT urban_traffic/controllers/default.py: 0
[2016-11-28 19:02:38] EDIT urban_traffic/controllers/default.py: 0
[2016-11-28 19:03:06] EDIT urban_traffic/models/db1.py: 0
[2016-11-28 19:03:28] EDIT urban_traffic/models/db1.py: 0
[2016-11-28 19:03:36] EDIT urban_traffic/controllers/default.py: 0
[2016-11-28 19:04:22] EDIT urban_traffic/models/db1.py: 0
[2016-11-28 19:04:26] EDIT urban_traffic/controllers/default.py: 0
[2016-11-28 19:05:51] EDIT urban_traffic/controllers/default.py: 0
[2016-11-28 19:06:02] EDIT urban_traffic/models/db1.py: 0
[2016-11-28 19:06:15] EDIT urban_traffic/views/default/index.html: 1
[2016-11-28 19:07:57] EDIT urban_traffic/controllers/default.py: 0
[2016-11-28 19:13:03] EDIT urban_traffic/views/default/index.html: 2
[2016-11-28 19:13:10] EDIT urban_traffic/views/default/index.html: 0
[2016-11-28 19:15:03] EDIT urban_traffic/controllers/default.py: 1
[2016-11-28 19:15:16] EDIT urban_traffic/controllers/default.py: 1
[2016-11-28 19:15:59] EDIT urban_traffic/views/default/index.html: -2
[2016-11-28 19:16:47] EDIT urban_traffic/views/default/index.html: 0
[2016-11-28 19:19:18] EDIT urban_traffic/controllers/default.py: 0
[2016-11-28 19:22:43] EDIT urban_traffic/controllers/default.py: 6
[2016-11-28 19:24:22] EDIT urban_traffic/controllers/default.py: -2
[2016-11-28 19:24:27] EDIT urban_traffic/controllers/default.py: 0
[2016-11-28 19:24:27] EDIT urban_traffic/controllers/default.py: 0
[2016-11-28 19:24:28] EDIT urban_traffic/controllers/default.py: 0
[2016-11-28 19:24:28] EDIT urban_traffic/controllers/default.py: 0
[2016-11-28 19:24:39] EDIT urban_traffic/controllers/default.py: 0
[2016-11-28 19:24:45] EDIT urban_traffic/controllers/default.py: 0
[2016-11-28 19:26:58] EDIT urban_traffic/controllers/default.py: 1
[2016-11-28 19:27:02] EDIT urban_traffic/controllers/default.py: 0
[2016-11-28 19:27:26] EDIT urban_traffic/controllers/default.py: 2
[2016-11-28 19:38:08] EDIT urban_traffic/controllers/default.py: 1
[2016-11-28 19:38:24] CREATE default/schedule.html: 0
[2016-11-28 19:38:35] EDIT urban_traffic/views/default/schedule.html: -1
[2016-11-28 19:38:52] EDIT urban_traffic/views/default/schedule.html: 0
[2016-11-28 19:41:56] EDIT urban_traffic/models/menu.py: 2
[2016-11-28 19:42:00] EDIT urban_traffic/models/menu.py: 0
[2016-11-28 19:42:35] EDIT urban_traffic/models/menu.py: 0
[2016-11-28 19:46:09] EDIT urban_traffic/models/menu.py: 0
[2016-11-28 19:46:34] EDIT urban_traffic/controllers/default.py: 2
[2016-11-28 21:27:48] EDIT urban_traffic/models/db1.py: 2
[2016-11-28 21:28:47] EDIT urban_traffic/models/db1.py: 0
[2016-11-28 21:29:22] EDIT urban_traffic/models/db1.py: 1
[2016-11-28 21:29:48] EDIT urban_traffic/models/db1.py: 0
[2016-11-28 21:30:00] EDIT urban_traffic/controllers/default.py: 0
[2016-11-28 21:30:23] EDIT urban_traffic/controllers/default.py: 0
[2016-11-28 21:35:45] EDIT urban_traffic/models/db1.py: 2
[2016-11-28 21:37:39] EDIT urban_traffic/models/db1.py: 0
[2016-11-28 21:38:53] EDIT urban_traffic/controllers/default.py: 2
[2016-11-28 21:39:08] EDIT urban_traffic/controllers/default.py: 1
[2016-11-28 21:42:43] EDIT urban_traffic/controllers/default.py: 6
[2016-11-28 21:46:05] EDIT urban_traffic/controllers/default.py: 1
[2016-11-28 21:47:01] EDIT urban_traffic/controllers/default.py: 0
[2016-11-28 21:50:28] EDIT urban_traffic/controllers/default.py: 1
[2016-11-28 21:53:46] EDIT urban_traffic/controllers/default.py: 2
[2016-11-28 21:54:54] EDIT urban_traffic/controllers/default.py: 1
[2016-11-28 21:58:37] EDIT urban_traffic/controllers/default.py: 0
[2016-11-28 21:59:49] EDIT urban_traffic/controllers/default.py: 0
[2016-11-28 22:05:23] EDIT urban_traffic/controllers/default.py: 2
[2016-11-28 22:05:33] EDIT urban_traffic/controllers/default.py: 0
[2016-11-28 22:06:16] EDIT urban_traffic/controllers/default.py: 0
[2016-11-28 22:11:09] EDIT urban_traffic/controllers/default.py: 0
[2016-11-28 22:11:35] EDIT urban_traffic/controllers/default.py: 0
[2016-11-28 22:12:12] EDIT urban_traffic/controllers/default.py: 1
[2016-11-28 22:12:30] EDIT urban_traffic/controllers/default.py: 0
[2016-11-28 22:19:54] EDIT urban_traffic/controllers/default.py: 1
[2016-11-28 22:19:59] EDIT urban_traffic/controllers/default.py: 0
[2016-11-28 22:20:29] EDIT urban_traffic/controllers/default.py: 0
[2016-11-28 22:20:31] EDIT urban_traffic/controllers/default.py: 0
[2016-11-28 22:22:01] EDIT urban_traffic/controllers/default.py: 0
[2016-11-28 22:23:32] EDIT urban_traffic/controllers/default.py: 1
[2016-11-28 22:24:38] EDIT urban_traffic/controllers/default.py: 2
[2016-11-28 22:25:11] EDIT urban_traffic/controllers/default.py: 0
[2016-11-28 22:45:25] EDIT urban_traffic/controllers/default.py: 1
[2016-11-28 22:45:33] EDIT urban_traffic/controllers/default.py: 0
[2016-11-28 22:46:24] EDIT urban_traffic/controllers/default.py: 1
[2016-11-28 22:46:32] EDIT urban_traffic/controllers/default.py: 0
[2016-11-28 23:06:57] EDIT urban_traffic/controllers/default.py: 1
[2016-11-28 23:43:46] EDIT urban_traffic/controllers/default.py: 0
[2016-11-28 23:48:09] EDIT urban_traffic/controllers/default.py: 0
[2016-11-28 23:48:59] EDIT urban_traffic/controllers/default.py: 0
[2016-11-28 23:53:30] EDIT urban_traffic/controllers/default.py: 1
[2016-11-29 08:59:44] EDIT urban_traffic/controllers/default.py: 2
[2016-11-29 08:59:57] EDIT urban_traffic/controllers/default.py: 1
[2016-11-29 09:04:23] EDIT urban_traffic/controllers/default.py: 4
[2016-11-29 09:04:25] EDIT urban_traffic/controllers/default.py: 0
[2016-11-29 09:04:34] EDIT urban_traffic/controllers/default.py: 1
[2016-11-29 09:04:42] EDIT urban_traffic/controllers/default.py: 0
[2016-11-29 09:04:49] EDIT urban_traffic/controllers/default.py: 0
[2016-11-29 09:05:00] EDIT urban_traffic/controllers/default.py: 0
[2016-11-29 09:06:24] EDIT urban_traffic/controllers/default.py: 1
[2016-11-29 09:11:03] EDIT urban_traffic/controllers/default.py: 3
[2016-11-29 09:11:12] EDIT urban_traffic/controllers/default.py: 0
[2016-11-29 09:12:01] CREATE default/graphs_time.html: 0
[2016-11-29 09:12:22] EDIT urban_traffic/views/default/graphs_time.html: -1
[2016-11-29 09:13:12] EDIT urban_traffic/views/default/graphs_time.html: 0
[2016-11-29 09:13:18] EDIT urban_traffic/controllers/default.py: 0
[2016-11-29 09:13:59] EDIT urban_traffic/controllers/default.py: 1
[2016-11-29 09:14:14] EDIT urban_traffic/controllers/default.py: 0
[2016-11-29 09:16:01] EDIT urban_traffic/controllers/default.py: 0
[2016-11-29 09:16:08] EDIT urban_traffic/controllers/default.py: -1
[2016-11-29 09:17:42] EDIT urban_traffic/controllers/default.py: 1
[2016-11-29 09:18:26] EDIT urban_traffic/controllers/default.py: 2
[2016-11-29 09:18:58] EDIT urban_traffic/controllers/default.py: -3
[2016-11-29 09:20:24] EDIT urban_traffic/views/default/graphs_time.html: 3
[2016-11-29 09:20:28] EDIT urban_traffic/views/default/graphs_time.html: 0
[2016-11-29 09:20:44] EDIT urban_traffic/views/default/graphs_time.html: 0
[2016-11-29 09:21:19] EDIT urban_traffic/views/default/graphs_time.html: 1
[2016-11-29 09:21:30] EDIT urban_traffic/views/default/graphs_time.html: 0
[2016-11-29 09:21:32] EDIT urban_traffic/views/default/graphs_time.html: 0
[2016-11-29 09:21:48] EDIT urban_traffic/views/default/graphs_time.html: 0
[2016-11-29 09:24:20] EDIT urban_traffic/views/default/graphs_time.html: -4
[2016-11-29 09:25:05] EDIT urban_traffic/views/default/graphs_time.html: 3
[2016-11-29 09:25:53] EDIT urban_traffic/views/default/graphs_time.html: 25
[2016-11-29 09:28:11] EDIT urban_traffic/controllers/default.py: 0
[2016-11-29 09:28:12] EDIT urban_traffic/controllers/default.py: 0
[2016-11-29 09:28:36] EDIT urban_traffic/controllers/default.py: 0
[2016-11-29 09:29:03] EDIT urban_traffic/controllers/default.py: 1
[2016-11-29 09:29:37] EDIT urban_traffic/views/default/graphs_time.html: 0
[2016-11-29 09:29:53] EDIT urban_traffic/views/default/graphs_time.html: 0
[2016-11-29 09:30:29] EDIT urban_traffic/views/default/graphs_time.html: 0
[2016-11-29 09:30:54] EDIT urban_traffic/controllers/default.py: 0
[2016-11-29 09:32:33] EDIT urban_traffic/controllers/default.py: 0
[2016-11-29 09:33:58] EDIT urban_traffic/controllers/default.py: 0
[2016-11-29 09:35:52] EDIT urban_traffic/controllers/default.py: 2
[2016-11-29 09:36:02] EDIT urban_traffic/controllers/default.py: 1
[2016-11-29 09:36:27] EDIT urban_traffic/controllers/default.py: 1
[2016-11-29 09:36:47] EDIT urban_traffic/controllers/default.py: 0
[2016-11-29 09:37:09] EDIT urban_traffic/controllers/default.py: 0
[2016-11-29 09:37:22] EDIT urban_traffic/controllers/default.py: 0
[2016-11-29 09:39:16] EDIT urban_traffic/controllers/default.py: 1
[2016-11-29 09:42:27] CREATE default/graphs_place.html: 0
[2016-11-29 09:43:06] EDIT urban_traffic/controllers/default.py: 49
[2016-11-29 09:43:19] EDIT urban_traffic/views/default/graphs_place.html: 2
[2016-11-29 09:44:05] EDIT urban_traffic/controllers/default.py: 0
[2016-11-29 10:02:51] EDIT urban_traffic/controllers/default.py: 7
[2016-11-29 10:04:34] EDIT urban_traffic/controllers/default.py: 2
[2016-11-29 10:04:48] EDIT urban_traffic/controllers/default.py: 0
[2016-11-29 10:05:21] EDIT urban_traffic/controllers/default.py: 0
[2016-11-29 10:05:48] EDIT urban_traffic/views/default/graphs_place.html: 0
[2016-11-29 10:20:34] EDIT urban_traffic/controllers/default.py: 5
[2016-11-29 10:21:23] EDIT urban_traffic/controllers/default.py: 2
[2016-11-29 10:21:36] EDIT urban_traffic/controllers/default.py: 1
[2016-11-29 10:23:45] EDIT urban_traffic/controllers/default.py: 0
[2016-11-29 10:24:22] EDIT urban_traffic/views/default/graphs_place.html: -1
[2016-11-29 10:24:38] EDIT urban_traffic/controllers/default.py: 1
[2016-11-29 10:24:59] EDIT urban_traffic/controllers/default.py: 0
[2016-11-29 10:26:21] EDIT urban_traffic/controllers/default.py: 0
[2016-11-29 10:27:48] EDIT urban_traffic/controllers/default.py: 0
[2016-11-29 10:28:19] EDIT urban_traffic/controllers/default.py: -1
[2016-11-29 10:28:35] EDIT urban_traffic/controllers/default.py: 1
[2016-11-29 10:30:27] EDIT urban_traffic/controllers/default.py: 3
[2016-11-29 10:30:37] EDIT urban_traffic/controllers/default.py: 0
[2016-11-29 10:30:59] EDIT urban_traffic/controllers/default.py: 1
[2016-11-29 10:31:44] EDIT urban_traffic/controllers/default.py: 0
[2016-11-29 10:32:06] EDIT urban_traffic/controllers/default.py: 1
[2016-11-29 10:34:20] EDIT urban_traffic/controllers/default.py: 1
[2016-11-29 10:36:07] EDIT urban_traffic/controllers/default.py: 2
[2016-11-29 10:40:30] EDIT urban_traffic/controllers/default.py: 4
[2016-11-29 10:40:50] EDIT urban_traffic/controllers/default.py: 0
[2016-11-29 10:41:13] EDIT urban_traffic/controllers/default.py: 0
[2016-11-29 10:41:50] EDIT urban_traffic/controllers/default.py: 0
[2016-11-29 10:45:14] EDIT urban_traffic/controllers/default.py: 0
[2016-11-29 10:45:34] EDIT urban_traffic/controllers/default.py: 0
[2016-11-29 10:46:14] EDIT urban_traffic/controllers/default.py: 0
[2016-11-29 10:46:26] EDIT urban_traffic/controllers/default.py: 0
[2016-11-29 10:48:41] EDIT urban_traffic/controllers/default.py: 0
[2016-11-29 10:49:06] EDIT urban_traffic/controllers/default.py: 0
[2016-11-29 10:49:40] EDIT urban_traffic/controllers/default.py: 0
[2016-11-29 10:50:23] EDIT urban_traffic/controllers/default.py: 0
[2016-11-29 10:50:59] EDIT urban_traffic/controllers/default.py: 0
[2016-11-29 10:51:29] EDIT urban_traffic/controllers/default.py: 0
[2016-11-29 10:51:49] EDIT urban_traffic/controllers/default.py: -2
[2016-11-29 10:53:44] CREATE js/exporting.js: 0
[2016-11-29 10:54:15] CREATE js/highcharts.js: 0
[2016-11-29 10:54:30] EDIT urban_traffic/static/js/exporting.js: 22
[2016-11-29 10:54:45] EDIT urban_traffic/static/js/highcharts.js: 335
[2016-11-29 10:55:50] EDIT urban_traffic/views/default/graphs_place.html: 1
[2016-11-29 10:56:00] EDIT urban_traffic/views/default/graphs_place.html: 0
[2016-11-29 10:56:35] EDIT urban_traffic/views/default/graphs_time.html: -1
[2016-11-29 10:57:39] EDIT urban_traffic/controllers/default.py: 1
[2016-11-29 10:58:19] EDIT urban_traffic/models/menu.py: 0
[2016-11-29 11:20:48] EDIT urban_traffic_new/controllers/default.py: 0
[2016-11-29 11:24:03] EDIT urban_traffic_new/controllers/default.py: -1
[2016-11-29 11:24:21] EDIT urban_traffic_new/controllers/default.py: 0
[2016-11-29 11:25:47] EDIT urban_traffic_new/controllers/default.py: 0
[2016-11-29 11:34:02] EDIT urban_traffic/controllers/default.py: 1
[2016-11-29 11:34:42] EDIT urban_traffic/controllers/default.py: 0
[2016-11-29 11:40:26] EDIT urban_traffic/controllers/default.py: 3
[2016-11-29 11:48:10] EDIT urban_traffic/controllers/default.py: 3
[2016-11-29 11:53:54] EDIT urban_traffic/controllers/default.py: 2
[2016-11-29 11:54:39] EDIT urban_traffic/controllers/default.py: 2
[2016-11-29 11:55:38] EDIT urban_traffic/controllers/default.py: 1
[2016-11-29 11:55:51] EDIT urban_traffic/controllers/default.py: 0
[2016-11-29 11:55:59] EDIT urban_traffic/controllers/default.py: 0
[2016-11-29 11:56:07] EDIT urban_traffic/controllers/default.py: 0
[2016-11-29 11:56:12] EDIT urban_traffic/controllers/default.py: 0
[2016-11-29 11:56:21] EDIT urban_traffic/controllers/default.py: 1
[2016-11-29 11:56:42] EDIT urban_traffic/controllers/default.py: 2
[2016-11-29 11:57:37] EDIT urban_traffic/controllers/default.py: 1
[2016-11-29 11:58:11] EDIT urban_traffic/controllers/default.py: 0
[2016-11-29 12:00:25] EDIT urban_traffic/controllers/default.py: 3
[2016-11-29 12:04:39] EDIT urban_traffic/controllers/default.py: 0
